Test Run By tyu on Thu May 21 22:19:11 2015
Native configuration is x86_64-unknown-linux-gnu

		===  tests ===

Schedule of variations:
    unix

Running target unix
Using /usr/share/dejagnu/baseboards/unix.exp as board description file for target.
Using /usr/share/dejagnu/config/unix.exp as generic interface file for target.
WARNING: Couldn't find tool config file for unix, using default.
Running /home/tyu/Documents/bugredx/klee2.9/test/CXX/dg.exp ...
FAIL: /home/tyu/Documents/bugredx/klee2.9/test/CXX/ArrayNew.cpp
Failed with exit(1) at line 2
while running: klee --no-output --exit-on-error --no-externals ArrayNew.cpp.tmp1.bc
KLEE: output directory = "klee-out-0"
EXITING ON ERROR:
execution halting by searcher


FAIL: /home/tyu/Documents/bugredx/klee2.9/test/CXX/New.cpp
Failed with exit(1) at line 2
while running: klee --no-output --exit-on-error --no-externals New.cpp.tmp1.bc
KLEE: output directory = "klee-out-1"
EXITING ON ERROR:
execution halting by searcher


FAIL: /home/tyu/Documents/bugredx/klee2.9/test/CXX/SimpleVirtual.cpp
Failed with exit(1) at line 2
while running: klee --no-output --exit-on-error --no-externals SimpleVirtual.cpp.tmp1.bc
KLEE: output directory = "klee-out-2"
KLEE: WARNING: undefined reference to function: _Unwind_Resume_or_Rethrow
KLEE: WARNING: undefined reference to function: __gxx_personality_v0
EXITING ON ERROR:
execution halting by searcher


FAIL: /home/tyu/Documents/bugredx/klee2.9/test/CXX/StaticConstructor.cpp
Failed with exit(1) at line 2
while running: klee --libc=klee --no-output --exit-on-error StaticConstructor.cpp.tmp1.bc
KLEE: output directory = "klee-out-3"
KLEE: WARNING: undefined reference to variable: __dso_handle
EXITING ON ERROR:
execution halting by searcher


FAIL: /home/tyu/Documents/bugredx/klee2.9/test/CXX/StaticDestructor.cpp
Failed with exit(1) at line 3
while running: grep ":16: memory error" StaticDestructor.cpp.tmp1.log
child process exited abnormally
FAIL: /home/tyu/Documents/bugredx/klee2.9/test/CXX/Trivial.cpp
Failed with exit(1) at line 2
while running: klee --no-output --exit-on-error Trivial.cpp.tmp1.bc
KLEE: output directory = "klee-out-5"
EXITING ON ERROR:
execution halting by searcher


testcase /home/tyu/Documents/bugredx/klee2.9/test/CXX/dg.exp completed in 1 seconds
Running /home/tyu/Documents/bugredx/klee2.9/test/Coverage/dg.exp ...
PASS: /home/tyu/Documents/bugredx/klee2.9/test/Coverage/ReadArgs.c
PASS: /home/tyu/Documents/bugredx/klee2.9/test/Coverage/ReplayOutDir.c
testcase /home/tyu/Documents/bugredx/klee2.9/test/Coverage/dg.exp completed in 0 seconds
Running /home/tyu/Documents/bugredx/klee2.9/test/Dogfood/dg.exp ...
FAIL: /home/tyu/Documents/bugredx/klee2.9/test/Dogfood/ImmutableSet.cpp
Failed with exit(1) at line 2
while running: klee --libc=klee --max-forks=200 --no-output --exit-on-error --optimize --disable-inlining --search=nurs:depth --use-cex-cache ImmutableSet.cpp.tmp1.bc
KLEE: output directory = "klee-out-0"
KLEE: WARNING: undefined reference to function: pthread_cancel
KLEE: WARNING: undefined reference to function: pthread_create
KLEE: WARNING: undefined reference to function: pthread_getspecific
KLEE: WARNING: undefined reference to function: pthread_key_create
KLEE: WARNING: undefined reference to function: pthread_key_delete
KLEE: WARNING: undefined reference to function: pthread_mutex_init
KLEE: WARNING: undefined reference to function: pthread_mutex_lock
KLEE: WARNING: undefined reference to function: pthread_mutex_trylock
KLEE: WARNING: undefined reference to function: pthread_mutex_unlock
KLEE: WARNING: undefined reference to function: pthread_mutexattr_destroy
KLEE: WARNING: undefined reference to function: pthread_mutexattr_init
KLEE: WARNING: undefined reference to function: pthread_mutexattr_settype
KLEE: WARNING: undefined reference to function: pthread_once
KLEE: WARNING: undefined reference to function: pthread_setspecific
EXITING ON ERROR:
execution halting by searcher


testcase /home/tyu/Documents/bugredx/klee2.9/test/Dogfood/dg.exp completed in 0 seconds
Running /home/tyu/Documents/bugredx/klee2.9/test/Expr/Lexer/dg.exp ...
PASS: /home/tyu/Documents/bugredx/klee2.9/test/Expr/Lexer/Numbers.pc
testcase /home/tyu/Documents/bugredx/klee2.9/test/Expr/Lexer/dg.exp completed in 0 seconds
Running /home/tyu/Documents/bugredx/klee2.9/test/Expr/Parser/dg.exp ...
PASS: /home/tyu/Documents/bugredx/klee2.9/test/Expr/Parser/Concat64.pc
PASS: /home/tyu/Documents/bugredx/klee2.9/test/Expr/Parser/ConstantFolding.pc
PASS: /home/tyu/Documents/bugredx/klee2.9/test/Expr/Parser/Exprs.pc
PASS: /home/tyu/Documents/bugredx/klee2.9/test/Expr/Parser/MultiByteReads.pc
PASS: /home/tyu/Documents/bugredx/klee2.9/test/Expr/Parser/Simplify.pc
PASS: /home/tyu/Documents/bugredx/klee2.9/test/Expr/Parser/TypeChecking.pc
testcase /home/tyu/Documents/bugredx/klee2.9/test/Expr/Parser/dg.exp completed in 0 seconds
Running /home/tyu/Documents/bugredx/klee2.9/test/Expr/dg.exp ...
PASS: /home/tyu/Documents/bugredx/klee2.9/test/Expr/Evaluate.pc
XFAIL: /home/tyu/Documents/bugredx/klee2.9/test/Expr/Evaluate2.pc
Failed with exit(1) at line 2
while running: grep "Query 0:	VALID" Evaluate2.pc.tmp.log
child process exited abnormally
PASS: /home/tyu/Documents/bugredx/klee2.9/test/Expr/print-smt.pc
testcase /home/tyu/Documents/bugredx/klee2.9/test/Expr/dg.exp completed in 0 seconds
Running /home/tyu/Documents/bugredx/klee2.9/test/Feature/dg.exp ...
FAIL: /home/tyu/Documents/bugredx/klee2.9/test/Feature/Alias.c
Failed with exit(1) at line 2
while running: klee --exit-on-error Alias.c.tmp1.bc
KLEE: output directory = "klee-out-0"
EXITING ON ERROR:
execution halting by searcher


FAIL: /home/tyu/Documents/bugredx/klee2.9/test/Feature/AliasFunction.c
Failed with exit(1) at line 3
while running: grep -c foo AliasFunction.c.tmp1.log | grep 5
child process exited abnormally
FAIL: /home/tyu/Documents/bugredx/klee2.9/test/Feature/AliasFunctionExit.c
Failed with exit(1) at line 3
while running: grep -c START AliasFunctionExit.c.tmp1.log | grep 1
child process exited abnormally
FAIL: /home/tyu/Documents/bugredx/klee2.9/test/Feature/AsmAddresses.c
Failed with exit(1) at line 2
while running: klee --exit-on-error --use-asm-addresses AsmAddresses.c.tmp.bc
KLEE: output directory = "klee-out-3"
KLEE: NOTE: allocated global at asm specified address: 0x000021 (1 bytes)
EXITING ON ERROR:
execution halting by searcher


FAIL: /home/tyu/Documents/bugredx/klee2.9/test/Feature/BitcastAlias.ll
Failed with exit(1) at line 3
while running: grep PASS BitcastAlias.ll.tmp2
child process exited abnormally
PASS: /home/tyu/Documents/bugredx/klee2.9/test/Feature/ByteSwap.c
FAIL: /home/tyu/Documents/bugredx/klee2.9/test/Feature/CallToUndefinedExternal.cpp
Failed with exit(1) at line 3
while running: test -f klee-last/test000001.external.err
child process exited abnormally
FAIL: /home/tyu/Documents/bugredx/klee2.9/test/Feature/CheckMemoryAccess.c
Failed with exit(1) at line 3
while running: grep -q "good" CheckMemoryAccess.c.tmp.log
child process exited abnormally
FAIL: /home/tyu/Documents/bugredx/klee2.9/test/Feature/ConstantStruct.ll
Failed with exit(1) at line 3
while running: grep PASS ConstantStruct.ll.tmp2
child process exited abnormally
FAIL: /home/tyu/Documents/bugredx/klee2.9/test/Feature/CopyOnWrite.c
Failed with exit(1) at line 2
while running: klee --search=random-state --exit-on-error CopyOnWrite.c.tmp1.bc
KLEE: output directory = "klee-out-9"
EXITING ON ERROR:
execution halting by searcher


FAIL: /home/tyu/Documents/bugredx/klee2.9/test/Feature/DanglingConcreteReadExpr.c
Failed with exit(1) at line 3
while running: grep "total queries = 2" klee-last/info
child process exited abnormally
PASS: /home/tyu/Documents/bugredx/klee2.9/test/Feature/DefineFixedObject.c
FAIL: /home/tyu/Documents/bugredx/klee2.9/test/Feature/DoubleFree.c
Failed with exit(1) at line 3
while running: test -f klee-last/test000001.ptr.err
child process exited abnormally
PASS: /home/tyu/Documents/bugredx/klee2.9/test/Feature/DumpStatesOnHalt.c
FAIL: /home/tyu/Documents/bugredx/klee2.9/test/Feature/Envp.c
Failed with exit(1) at line 2
while running: klee --exit-on-error Envp.c.tmp1.bc
KLEE: output directory = "klee-out-14"
KLEE: WARNING: undefined reference to function: printf
KLEE: WARNING: undefined reference to function: puts
KLEE: WARNING: undefined reference to function: strncmp
EXITING ON ERROR:
execution halting by searcher


FAIL: /home/tyu/Documents/bugredx/klee2.9/test/Feature/ExprLogging.c
Failed with exit(1) at line 9
while running: grep "^; Query" klee-last/all-queries.smt2 | wc -l | grep -q 17
child process exited abnormally
FAIL: /home/tyu/Documents/bugredx/klee2.9/test/Feature/ExternalWeakLinkage.c
Failed with exit(1) at line 2
while running: klee --exit-on-error ExternalWeakLinkage.c.tmp1.bc
KLEE: output directory = "klee-out-16"
KLEE: WARNING: undefined reference to function: IAmSoWeak
EXITING ON ERROR:
execution halting by searcher


PASS: /home/tyu/Documents/bugredx/klee2.9/test/Feature/Float.c
FAIL: /home/tyu/Documents/bugredx/klee2.9/test/Feature/FloatingPt.c
Failed with exit(1) at line 2
while running: klee --exit-on-error FloatingPt.c.tmp1.bc
KLEE: output directory = "klee-out-18"
EXITING ON ERROR:
execution halting by searcher


FAIL: /home/tyu/Documents/bugredx/klee2.9/test/Feature/FunctionPointer.c
Failed with exit(1) at line 2
while running: klee --no-output --exit-on-error FunctionPointer.c.tmp1.bc
KLEE: output directory = "klee-out-19"
KLEE: WARNING: undefined reference to function: printf
KLEE: WARNING: undefined reference to function: puts
EXITING ON ERROR:
execution halting by searcher


FAIL: /home/tyu/Documents/bugredx/klee2.9/test/Feature/GetElementPtr.ll
Failed with exit(1) at line 3
while running: grep PASS GetElementPtr.ll.tmp2
child process exited abnormally
FAIL: /home/tyu/Documents/bugredx/klee2.9/test/Feature/GetValue.c
Failed with exit(1) at line 2
while running: klee --exit-on-error GetValue.c.tmp1.bc
KLEE: output directory = "klee-out-21"
EXITING ON ERROR:
execution halting by searcher


FAIL: /home/tyu/Documents/bugredx/klee2.9/test/Feature/InAndOutOfBounds.c
Failed with exit(1) at line 3
while running: test -f klee-last/test000001.ptr.err -o -f klee-last/test000002.ptr.err 
child process exited abnormally
PASS: /home/tyu/Documents/bugredx/klee2.9/test/Feature/IndirectCallToBuiltin.c
PASS: /home/tyu/Documents/bugredx/klee2.9/test/Feature/IndirectCallToExternal.c
FAIL: /home/tyu/Documents/bugredx/klee2.9/test/Feature/InsertExtractValue.ll
Failed with exit(1) at line 3
while running: grep PASS InsertExtractValue.ll.tmp2
child process exited abnormally
PASS: /home/tyu/Documents/bugredx/klee2.9/test/Feature/IsSymbolic.c
FAIL: /home/tyu/Documents/bugredx/klee2.9/test/Feature/KleeReportError.c
Failed with exit(1) at line 3
while running: ls klee-last/ | grep .my.err | wc -l | grep 2
child process exited abnormally
PASS: /home/tyu/Documents/bugredx/klee2.9/test/Feature/LargeReturnTypes.cpp
PASS: /home/tyu/Documents/bugredx/klee2.9/test/Feature/LongDouble.cpp
FAIL: /home/tyu/Documents/bugredx/klee2.9/test/Feature/LongDoubleSupport.c
Failed with exit(1) at line 2
while running: klee --optimize=0 --exit-on-error LongDoubleSupport.c.tmp1.bc > LongDoubleSupport.c.tmp2.out
KLEE: output directory = "klee-out-30"
KLEE: WARNING: undefined reference to function: printf
EXITING ON ERROR:
execution halting by searcher


FAIL: /home/tyu/Documents/bugredx/klee2.9/test/Feature/LowerSwitch.c
Failed with exit(1) at line 2
while running: klee --exit-on-error --allow-external-sym-calls --switch-type=internal LowerSwitch.c.tmp.bc
KLEE: output directory = "klee-out-31"
KLEE: WARNING: undefined reference to function: printf
KLEE: WARNING: undefined reference to function: puts
EXITING ON ERROR:
execution halting by searcher


PASS: /home/tyu/Documents/bugredx/klee2.9/test/Feature/MakeConcreteSymbolic.c
FAIL: /home/tyu/Documents/bugredx/klee2.9/test/Feature/MakeSymbolicName.c
Failed with exit(1) at line 2
while running: klee --search=random-state --exit-on-error MakeSymbolicName.c.tmp1.bc
KLEE: output directory = "klee-out-34"
EXITING ON ERROR:
execution halting by searcher


PASS: /home/tyu/Documents/bugredx/klee2.9/test/Feature/MemoryLimit.c
FAIL: /home/tyu/Documents/bugredx/klee2.9/test/Feature/MultipleFreeResolution.c
Failed with exit(1) at line 3
while running: ls klee-last/ | grep .ktest | wc -l | grep 4
child process exited abnormally
PASS: /home/tyu/Documents/bugredx/klee2.9/test/Feature/MultipleReadResolution.c
FAIL: /home/tyu/Documents/bugredx/klee2.9/test/Feature/MultipleReallocResolution.c
Failed with exit(1) at line 3
while running: ls klee-last/ | grep .err | wc -l | grep 2
child process exited abnormally
PASS: /home/tyu/Documents/bugredx/klee2.9/test/Feature/MultipleWriteResolution.c
FAIL: /home/tyu/Documents/bugredx/klee2.9/test/Feature/NamedSeedMatching.c
Failed with exit(1) at line 7
while running: grep -q "a==3" NamedSeedMatching.c.tmp.log
child process exited abnormally
FAIL: /home/tyu/Documents/bugredx/klee2.9/test/Feature/OneFreeError.c
Failed with exit(1) at line 3
while running: test -f klee-last/test000001.ptr.err
child process exited abnormally
PASS: /home/tyu/Documents/bugredx/klee2.9/test/Feature/OneOutOfBounds.c
PASS: /home/tyu/Documents/bugredx/klee2.9/test/Feature/Optimize.c
FAIL: /home/tyu/Documents/bugredx/klee2.9/test/Feature/Overflow.ll
Failed with exit(1) at line 3
while running: grep PASS Overflow.ll.tmp2
child process exited abnormally
FAIL: /home/tyu/Documents/bugredx/klee2.9/test/Feature/OverlappedError.c
Failed with exit(1) at line 3
while running: ls klee-last/ | grep .ktest | wc -l | grep 4
child process exited abnormally
FAIL: /home/tyu/Documents/bugredx/klee2.9/test/Feature/PreferCex.c
Failed with exit(1) at line 2
while running: klee --exit-on-error PreferCex.c.tmp1.bc
KLEE: output directory = "klee-out-47"
EXITING ON ERROR:
execution halting by searcher


FAIL: /home/tyu/Documents/bugredx/klee2.9/test/Feature/RaiseAsm.c
Failed with exit(1) at line 2
while running: klee --exit-on-error RaiseAsm.c.tmp1.bc
KLEE: output directory = "klee-out-48"
EXITING ON ERROR:
execution halting by searcher


FAIL: /home/tyu/Documents/bugredx/klee2.9/test/Feature/Realloc.c
Failed with exit(1) at line 2
while running: klee --exit-on-error Realloc.c.tmp1.bc
KLEE: output directory = "klee-out-49"
EXITING ON ERROR:
execution halting by searcher


PASS: /home/tyu/Documents/bugredx/klee2.9/test/Feature/ReplayPath.c
PASS: /home/tyu/Documents/bugredx/klee2.9/test/Feature/Searchers.c
FAIL: /home/tyu/Documents/bugredx/klee2.9/test/Feature/SetForking.c
Failed with exit(1) at line 4
while running: grep "1 A" SetForking.c.tmp.uniq.log
child process exited abnormally
PASS: /home/tyu/Documents/bugredx/klee2.9/test/Feature/SolverTimeout.c
FAIL: /home/tyu/Documents/bugredx/klee2.9/test/Feature/Vararg.c
Failed with exit(1) at line 3
while running: grep "types: (52, 37, 2.00, (9,12,15))" Vararg.c.tmp2.out
child process exited abnormally
FAIL: /home/tyu/Documents/bugredx/klee2.9/test/Feature/WithLibc.c
Failed with exit(1) at line 4
while running: diff WithLibc.c.tmp3.log WithLibc.c.tmp3.good
0a1
> good
child process exited abnormally
FAIL: /home/tyu/Documents/bugredx/klee2.9/test/Feature/WriteCov.c
Failed with exit(1) at line 2
while running: klee --exit-on-error --write-cov WriteCov.c.tmp2.bc
KLEE: output directory = "klee-out-74"
KLEE: WARNING: undefined reference to function: printf
EXITING ON ERROR:
execution halting by searcher


PASS: /home/tyu/Documents/bugredx/klee2.9/test/Feature/const_array_opt1.c
testcase /home/tyu/Documents/bugredx/klee2.9/test/Feature/dg.exp completed in 7 seconds
Running /home/tyu/Documents/bugredx/klee2.9/test/Programs/dg.exp ...
XFAIL: /home/tyu/Documents/bugredx/klee2.9/test/Programs/pcregrep.c
Failed with exit(1) at line 2
while running: klee --libc=klee --exit-on-error pcregrep.c.tmp1.bc 2 2
WARNING: Linking two modules of different data layouts!
WARNING: Linking two modules of different target triples: /home/tyu/Documents/bugredx/klee2.9/Release+Asserts/lib/libklee-libc.bca(atoi.bc): 'x86_64-unknown-linux-gnu' and 'i386-unknown-linux-gnu'
WARNING: Linking two modules of different data layouts!
WARNING: Linking two modules of different target triples: /home/tyu/Documents/bugredx/klee2.9/Release+Asserts/lib/libklee-libc.bca(memcmp.bc): 'x86_64-unknown-linux-gnu' and 'i386-unknown-linux-gnu'
WARNING: Linking two modules of different data layouts!
WARNING: Linking two modules of different target triples: /home/tyu/Documents/bugredx/klee2.9/Release+Asserts/lib/libklee-libc.bca(strlen.bc): 'x86_64-unknown-linux-gnu' and 'i386-unknown-linux-gnu'
WARNING: Linking two modules of different data layouts!
WARNING: Linking two modules of different target triples: /home/tyu/Documents/bugredx/klee2.9/Release+Asserts/lib/libklee-libc.bca(strncmp.bc): 'x86_64-unknown-linux-gnu' and 'i386-unknown-linux-gnu'
WARNING: Linking two modules of different data layouts!
WARNING: Linking two modules of different target triples: /home/tyu/Documents/bugredx/klee2.9/Release+Asserts/lib/libklee-libc.bca(strtol.bc): 'x86_64-unknown-linux-gnu' and 'i386-unknown-linux-gnu'
KLEE: output directory = "klee-out-0"
WARNING: Linking two modules of different data layouts!
WARNING: Linking two modules of different target triples: /home/tyu/Documents/bugredx/klee2.9/Release+Asserts/lib/libkleeRuntimeIntrinsic.bca(memcpy.bc): 'x86_64-unknown-linux-gnu' and 'i386-unknown-linux-gnu'
WARNING: Linking two modules of different data layouts!
WARNING: Linking two modules of different target triples: /home/tyu/Documents/bugredx/klee2.9/Release+Asserts/lib/libkleeRuntimeIntrinsic.bca(klee_div_zero_c): 'x86_64-unknown-linux-gnu' and 'i386-unknown-linux-gnu'
WARNING: Linking two modules of different data layouts!
WARNING: Linking two modules of different target triples: /home/tyu/Documents/bugredx/klee2.9/Release+Asserts/lib/libkleeRuntimeIntrinsic.bca(memmove.bc): 'x86_64-unknown-linux-gnu' and 'i386-unknown-linux-gnu'
WARNING: Linking two modules of different data layouts!
WARNING: Linking two modules of different target triples: /home/tyu/Documents/bugredx/klee2.9/Release+Asserts/lib/libkleeRuntimeIntrinsic.bca(memset.bc): 'x86_64-unknown-linux-gnu' and 'i386-unknown-linux-gnu'
KLEE: WARNING: undefined reference to function: __errno_location
KLEE: WARNING: undefined reference to function: printf
EXITING ON ERROR:
execution halting by searcher


testcase /home/tyu/Documents/bugredx/klee2.9/test/Programs/dg.exp completed in 0 seconds
Running /home/tyu/Documents/bugredx/klee2.9/test/Runtime/POSIX/dg.exp ...
FAIL: /home/tyu/Documents/bugredx/klee2.9/test/Runtime/POSIX/DirConsistency.c
Failed with exit(1) at line 2
while running: klee --run-in=/tmp --search=random-state --libc=uclibc --posix-runtime --exit-on-error DirConsistency.c.tmp.bc --sym-files 1 1 > DirConsistency.c.tmp1.log
KLEE: NOTE: Using model: /home/tyu/Documents/bugredx/klee2.9/Release+Asserts/lib/libkleeRuntimePOSIX.bca
KLEE: output directory = "klee-out-0"
KLEE: WARNING: undefined reference to function: __xstat64
KLEE: WARNING ONCE: calling external: syscall(16, 0, 21505, 63060144)
KLEE: WARNING ONCE: calling __user_main with extra arguments.
KLEE: WARNING ONCE: calling external: __xstat64(1, 62996832, 63095792)
KLEE: WARNING ONCE: calling external: printf(62919312, 2)
KLEE: ERROR: /home/tyu/Documents/bugredx/klee2.9/runtime/POSIX/fd.c:735: ASSERTION FAIL: s != (off64_t) -1
KLEE: NOTE: now ignoring this error at this location
EXITING ON ERROR:
Error: ASSERTION FAIL: s != (off64_t) -1
File: /home/tyu/Documents/bugredx/klee2.9/runtime/POSIX/fd.c
Line: 735
Stack: 
	#0 00013144 in __fd_getdents (fd=3, dirp=63400576, count=4096) at /home/tyu/Documents/bugredx/klee2.9/runtime/POSIX/fd.c:735
	#1 00010663 in getdents (fd=3, dirp=63400576, nbytes=4096) at /home/tyu/Documents/bugredx/klee2.9/runtime/POSIX/fd_32.c:139
	#2 00001814 in readdir (dir=63314320) at /home/tyu/Documents/bugredx/klee-uclibc/libc/misc/dirent/readdir.c:33
	#3 00000312 in __user_main (argc=4, argv=52506608)
	#4 00001120 in __uClibc_main (main=50015408, argc=4, argv=52506608, app_init=0, app_fini=0, rtld_fini=0, stack_end=0) at /home/tyu/Documents/bugredx/klee-uclibc/libc/misc/internals/__uClibc_main.c:401
	#5 00009399 in main (=4, =52506608)


FAIL: /home/tyu/Documents/bugredx/klee2.9/test/Runtime/POSIX/DirSeek.c
Failed with exit(1) at line 2
while running: klee --run-in=/tmp --libc=uclibc --posix-runtime --exit-on-error DirSeek.c.tmp2.bc --sym-files 2 2
pos: 280
KLEE: NOTE: Using model: /home/tyu/Documents/bugredx/klee2.9/Release+Asserts/lib/libkleeRuntimePOSIX.bca
KLEE: output directory = "klee-out-1"
KLEE: WARNING: undefined reference to function: __xstat64
KLEE: WARNING: undefined reference to function: fwrite
KLEE: WARNING ONCE: calling external: syscall(16, 0, 21505, 35846528)
KLEE: WARNING ONCE: calling __user_main with extra arguments.
KLEE: WARNING ONCE: calling external: __xstat64(1, 35788304, 35880848)
KLEE: WARNING ONCE: calling external: printf(35721024, 280)
KLEE: ERROR: /home/tyu/Documents/bugredx/klee2.9/runtime/POSIX/fd.c:735: ASSERTION FAIL: s != (off64_t) -1
KLEE: NOTE: now ignoring this error at this location
EXITING ON ERROR:
Error: ASSERTION FAIL: s != (off64_t) -1
File: /home/tyu/Documents/bugredx/klee2.9/runtime/POSIX/fd.c
Line: 735
Stack: 
	#0 00007976 in __fd_getdents (fd=3, dirp=36114960, count=4096) at /home/tyu/Documents/bugredx/klee2.9/runtime/POSIX/fd.c:735
	#1 00004856 in getdents (fd=3, dirp=36114960, nbytes=4096) at /home/tyu/Documents/bugredx/klee2.9/runtime/POSIX/fd_32.c:139
	#2 00001849 in readdir (dir=35996816) at /home/tyu/Documents/bugredx/klee-uclibc/libc/misc/dirent/readdir.c:33
	#3 00000286 in __user_main (argc=4, argv=35576720)
	#4 00001157 in __uClibc_main (main=27956592, argc=4, argv=35576720, app_init=0, app_fini=0, rtld_fini=0, stack_end=0) at /home/tyu/Documents/bugredx/klee-uclibc/libc/misc/internals/__uClibc_main.c:401
	#5 00004367 in main (=4, =35576720)


PASS: /home/tyu/Documents/bugredx/klee2.9/test/Runtime/POSIX/FDNumbers.c
PASS: /home/tyu/Documents/bugredx/klee2.9/test/Runtime/POSIX/FD_Fail.c
PASS: /home/tyu/Documents/bugredx/klee2.9/test/Runtime/POSIX/FD_Fail2.c
PASS: /home/tyu/Documents/bugredx/klee2.9/test/Runtime/POSIX/Fcntl.c
PASS: /home/tyu/Documents/bugredx/klee2.9/test/Runtime/POSIX/FilePerm.c
FAIL: /home/tyu/Documents/bugredx/klee2.9/test/Runtime/POSIX/FreeArgv.c
Failed with exit(1) at line 3
while running: test -f klee-last/test000001.free.err
child process exited abnormally
FAIL: /home/tyu/Documents/bugredx/klee2.9/test/Runtime/POSIX/Getenv.c
Failed with exit(1) at line 2
while running: klee --libc=klee --posix-runtime --exit-on-error Getenv.c.tmp2.bc --sym-files 1 10
KLEE: NOTE: Using model: /home/tyu/Documents/bugredx/klee2.9/Release+Asserts/lib/libkleeRuntimePOSIX.bca
KLEE: output directory = "klee-out-8"
KLEE: WARNING: undefined reference to function: __xstat64
KLEE: WARNING: undefined reference to function: getenv
KLEE: WARNING: undefined reference to function: printf
KLEE: WARNING: undefined reference to function: puts
EXITING ON ERROR:
execution halting by searcher


PASS: /home/tyu/Documents/bugredx/klee2.9/test/Runtime/POSIX/Ioctl.c
PASS: /home/tyu/Documents/bugredx/klee2.9/test/Runtime/POSIX/Isatty.c
FAIL: /home/tyu/Documents/bugredx/klee2.9/test/Runtime/POSIX/PrgName.c
Failed with exit(1) at line 2
while running: klee --posix-runtime --exit-on-error PrgName.c.tmp2.bc --sym-arg 10 >PrgName.c.tmp.log
KLEE: NOTE: Using model: /home/tyu/Documents/bugredx/klee2.9/Release+Asserts/lib/libkleeRuntimePOSIX.bca
KLEE: output directory = "klee-out-11"
KLEE: WARNING: undefined reference to function: __xstat64
KLEE: WARNING: undefined reference to function: printf
KLEE: WARNING: undefined reference to function: puts
EXITING ON ERROR:
execution halting by searcher


PASS: /home/tyu/Documents/bugredx/klee2.9/test/Runtime/POSIX/Read1.c
XFAIL: /home/tyu/Documents/bugredx/klee2.9/test/Runtime/POSIX/SELinux.c
Failed with exit(1) at line 1
while running: /home/tyu/Documents/bugredx/llvm-gcc4.2-2.9-x86_64-linux/bin/llvm-gcc -I/home/tyu/Documents/bugredx/klee2.9/include -emit-llvm /home/tyu/Documents/bugredx/klee2.9/test/Runtime/POSIX/SELinux.c -emit-llvm -O0 -c -o SELinux.c.tmp1.bc
/home/tyu/Documents/bugredx/klee2.9/test/Runtime/POSIX/SELinux.c:6:29: error: selinux/selinux.h: No such file or directory
/home/tyu/Documents/bugredx/klee2.9/test/Runtime/POSIX/SELinux.c: In function ‘main’:
/home/tyu/Documents/bugredx/klee2.9/test/Runtime/POSIX/SELinux.c:12: error: ‘security_context_t’ undeclared (first use in this function)
/home/tyu/Documents/bugredx/klee2.9/test/Runtime/POSIX/SELinux.c:12: error: (Each undeclared identifier is reported only once
/home/tyu/Documents/bugredx/klee2.9/test/Runtime/POSIX/SELinux.c:12: error: for each function it appears in.)
/home/tyu/Documents/bugredx/klee2.9/test/Runtime/POSIX/SELinux.c:12: error: expected ‘;’ before ‘con’
/home/tyu/Documents/bugredx/klee2.9/test/Runtime/POSIX/SELinux.c:23: error: ‘con’ undeclared (first use in this function)

FAIL: /home/tyu/Documents/bugredx/klee2.9/test/Runtime/POSIX/SeedAndFail.c
Failed with exit(1) at line 5
while running: ls klee-last | grep -c assert | grep 4
child process exited abnormally
PASS: /home/tyu/Documents/bugredx/klee2.9/test/Runtime/POSIX/Stdin.c
FAIL: /home/tyu/Documents/bugredx/klee2.9/test/Runtime/POSIX/Write1.c
Failed with exit(1) at line 2
while running: klee --exit-on-error --libc=uclibc --posix-runtime Write1.c.tmp.bc --sym-files 1 10 --sym-stdout 2>Write1.c.tmp.log
child process exited abnormally
PASS: /home/tyu/Documents/bugredx/klee2.9/test/Runtime/POSIX/Write2.c
testcase /home/tyu/Documents/bugredx/klee2.9/test/Runtime/POSIX/dg.exp completed in 3 seconds
Running /home/tyu/Documents/bugredx/klee2.9/test/Runtime/Uclibc/dg.exp ...
FAIL: /home/tyu/Documents/bugredx/klee2.9/test/Runtime/Uclibc/2007-10-08-optimization-calls-wrong-libc-functions.c
Failed with exit(1) at line 2
while running: klee --exit-on-error --optimize --libc=uclibc 2007-10-08-optimization-calls-wrong-libc-functions.c.tmp1.bc
KLEE: output directory = "klee-out-0"
WARNING: While resolving call to function '__user_main' arguments were dropped!
KLEE: WARNING: undefined reference to function: fcntl
KLEE: WARNING: undefined reference to function: ioctl
KLEE: WARNING: undefined reference to function: write
EXITING ON ERROR:
execution halting by searcher


PASS: /home/tyu/Documents/bugredx/klee2.9/test/Runtime/Uclibc/2008-03-04-libc-atexit-uses-dso-handle.c
PASS: /home/tyu/Documents/bugredx/klee2.9/test/Runtime/Uclibc/Environ.c
testcase /home/tyu/Documents/bugredx/klee2.9/test/Runtime/Uclibc/dg.exp completed in 0 seconds
Running /home/tyu/Documents/bugredx/klee2.9/test/Solver/dg.exp ...
PASS: /home/tyu/Documents/bugredx/klee2.9/test/Solver/FastCexSolver.pc
PASS: /home/tyu/Documents/bugredx/klee2.9/test/Solver/LargeIntegers.pc
testcase /home/tyu/Documents/bugredx/klee2.9/test/Solver/dg.exp completed in 0 seconds
Running /home/tyu/Documents/bugredx/klee2.9/test/regression/dg.exp ...
PASS: /home/tyu/Documents/bugredx/klee2.9/test/regression/2007-07-25-invalid-stp-array-binding-to-objectstate.c
PASS: /home/tyu/Documents/bugredx/klee2.9/test/regression/2007-07-30-unflushed-byte.c
PASS: /home/tyu/Documents/bugredx/klee2.9/test/regression/2007-08-01-bool-zext-in-call.ll
PASS: /home/tyu/Documents/bugredx/klee2.9/test/regression/2007-08-01-cache-unclear-on-overwrite-flushed.c
PASS: /home/tyu/Documents/bugredx/klee2.9/test/regression/2007-08-06-64bit-shift.c
PASS: /home/tyu/Documents/bugredx/klee2.9/test/regression/2007-08-06-access-after-free.c
PASS: /home/tyu/Documents/bugredx/klee2.9/test/regression/2007-08-08-free-zero.c
PASS: /home/tyu/Documents/bugredx/klee2.9/test/regression/2007-08-16-invalid-constant-value.c
PASS: /home/tyu/Documents/bugredx/klee2.9/test/regression/2007-08-16-valid-write-to-freed-object.c
PASS: /home/tyu/Documents/bugredx/klee2.9/test/regression/2007-10-11-free-of-alloca.c
FAIL: /home/tyu/Documents/bugredx/klee2.9/test/regression/2007-10-11-illegal-access-after-free-and-branch.c
Failed with exit(1) at line 3
while running: test -f klee-last/test000001.ptr.err
child process exited abnormally
PASS: /home/tyu/Documents/bugredx/klee2.9/test/regression/2007-10-12-failed-make-symbolic-after-copy.c
PASS: /home/tyu/Documents/bugredx/klee2.9/test/regression/2008-03-04-free-of-global.c
FAIL: /home/tyu/Documents/bugredx/klee2.9/test/regression/2008-03-11-free-of-malloc-zero.c
Failed with exit(1) at line 2
while running: klee --exit-on-error 2008-03-11-free-of-malloc-zero.c.tmp1.bc
KLEE: output directory = "klee-out-13"
EXITING ON ERROR:
execution halting by searcher


FAIL: /home/tyu/Documents/bugredx/klee2.9/test/regression/2008-04-10-bad-alloca-free.c
Failed with exit(1) at line 2
while running: klee --exit-on-error 2008-04-10-bad-alloca-free.c.tmp1.bc
KLEE: output directory = "klee-out-14"
EXITING ON ERROR:
execution halting by searcher


FAIL: /home/tyu/Documents/bugredx/klee2.9/test/regression/2008-05-23-gep-with-global-const.c
Failed with exit(1) at line 2
while running: klee --exit-on-error 2008-05-23-gep-with-global-const.c.tmp.bc
KLEE: output directory = "klee-out-15"
EXITING ON ERROR:
execution halting by searcher


PASS: /home/tyu/Documents/bugredx/klee2.9/test/regression/2012-05-13-asm-causes-aborts.c
testcase /home/tyu/Documents/bugredx/klee2.9/test/regression/dg.exp completed in 1 seconds

		===  Summary ===

# of expected passes		57
# of unexpected failures	56
# of expected failures		3
runtest completed at Thu May 21 22:19:23 2015
